<?xml version="1.0" encoding="UTF-8"?>
<!-- Generated by org.testng.reporters.JUnitReportReporter -->
<testsuite hostname="DESKTOP-VHJKS8E" name="Createcustomer.addcustomer" tests="2" failures="0" timestamp="8 Oct 2022 09:41:04 GMT" time="33.824" errors="0">
  <testcase name="gettitle" time="10.928" classname="Createcustomer.addcustomer"/>
  <testcase name="login" time="22.896" classname="Createcustomer.addcustomer"/>
</testsuite> <!-- Createcustomer.addcustomer -->
